<?xml version="1.0" encoding="UTF-8"?>
<testsuite xmlns:xsi="http://www.w3.org/2001/XMLSchema-instance" xsi:noNamespaceSchemaLocation="https://maven.apache.org/surefire/maven-surefire-plugin/xsd/surefire-test-report.xsd" name="com.up.stores.StoresApplicationTests" time="3.823" tests="2" errors="0" skipped="0" failures="0">
  <properties>
    <property name="sun.desktop" value="windows"/>
    <property name="awt.toolkit" value="sun.awt.windows.WToolkit"/>
    <property name="file.encoding.pkg" value="sun.io"/>
    <property name="java.specification.version" value="1.8"/>
    <property name="sun.cpu.isalist" value="amd64"/>
    <property name="sun.jnu.encoding" value="GBK"/>
    <property name="java.class.path" value="C:\Users\31481\Desktop\store-master\target\test-classes;C:\Users\31481\Desktop\store-master\target\classes;C:\MAVEN\maven-repository\javax\xml\bind\jaxb-api\2.3.0\jaxb-api-2.3.0.jar;C:\MAVEN\maven-repository\org\springframework\boot\spring-boot-starter-web-services\2.5.6\spring-boot-starter-web-services-2.5.6.jar;C:\MAVEN\maven-repository\com\sun\xml\messaging\saaj\saaj-impl\1.5.3\saaj-impl-1.5.3.jar;C:\MAVEN\maven-repository\jakarta\xml\soap\jakarta.xml.soap-api\1.4.2\jakarta.xml.soap-api-1.4.2.jar;C:\MAVEN\maven-repository\org\jvnet\staxex\stax-ex\1.8.3\stax-ex-1.8.3.jar;C:\MAVEN\maven-repository\com\sun\activation\jakarta.activation\1.2.2\jakarta.activation-1.2.2.jar;C:\MAVEN\maven-repository\jakarta\xml\ws\jakarta.xml.ws-api\2.3.3\jakarta.xml.ws-api-2.3.3.jar;C:\MAVEN\maven-repository\jakarta\jws\jakarta.jws-api\2.1.0\jakarta.jws-api-2.1.0.jar;C:\MAVEN\maven-repository\org\springframework\spring-oxm\5.3.12\spring-oxm-5.3.12.jar;C:\MAVEN\maven-repository\org\springframework\spring-beans\5.3.12\spring-beans-5.3.12.jar;C:\MAVEN\maven-repository\org\springframework\ws\spring-ws-core\3.1.1\spring-ws-core-3.1.1.jar;C:\MAVEN\maven-repository\org\springframework\ws\spring-xml\3.1.1\spring-xml-3.1.1.jar;C:\MAVEN\maven-repository\org\springframework\spring-aop\5.3.12\spring-aop-5.3.12.jar;C:\MAVEN\maven-repository\mysql\mysql-connector-java\8.0.16\mysql-connector-java-8.0.16.jar;C:\MAVEN\maven-repository\junit\junit\4.13\junit-4.13.jar;C:\MAVEN\maven-repository\org\hamcrest\hamcrest-core\2.2\hamcrest-core-2.2.jar;C:\MAVEN\maven-repository\org\junit\jupiter\junit-jupiter\5.7.2\junit-jupiter-5.7.2.jar;C:\MAVEN\maven-repository\org\junit\jupiter\junit-jupiter-api\5.7.2\junit-jupiter-api-5.7.2.jar;C:\MAVEN\maven-repository\org\opentest4j\opentest4j\1.2.0\opentest4j-1.2.0.jar;C:\MAVEN\maven-repository\org\junit\platform\junit-platform-commons\1.7.2\junit-platform-commons-1.7.2.jar;C:\MAVEN\maven-repository\org\junit\jupiter\junit-jupiter-params\5.7.2\junit-jupiter-params-5.7.2.jar;C:\MAVEN\maven-repository\org\junit\jupiter\junit-jupiter-engine\5.7.2\junit-jupiter-engine-5.7.2.jar;C:\MAVEN\maven-repository\com\alibaba\druid\1.1.10\druid-1.1.10.jar;C:\MAVEN\maven-repository\org\springframework\boot\spring-boot-starter-test\2.5.6\spring-boot-starter-test-2.5.6.jar;C:\MAVEN\maven-repository\org\springframework\boot\spring-boot-starter\2.5.6\spring-boot-starter-2.5.6.jar;C:\MAVEN\maven-repository\org\springframework\boot\spring-boot-starter-logging\2.5.6\spring-boot-starter-logging-2.5.6.jar;C:\MAVEN\maven-repository\ch\qos\logback\logback-classic\1.2.6\logback-classic-1.2.6.jar;C:\MAVEN\maven-repository\ch\qos\logback\logback-core\1.2.6\logback-core-1.2.6.jar;C:\MAVEN\maven-repository\org\apache\logging\log4j\log4j-to-slf4j\2.14.1\log4j-to-slf4j-2.14.1.jar;C:\MAVEN\maven-repository\org\apache\logging\log4j\log4j-api\2.14.1\log4j-api-2.14.1.jar;C:\MAVEN\maven-repository\org\slf4j\jul-to-slf4j\1.7.32\jul-to-slf4j-1.7.32.jar;C:\MAVEN\maven-repository\jakarta\annotation\jakarta.annotation-api\1.3.5\jakarta.annotation-api-1.3.5.jar;C:\MAVEN\maven-repository\org\yaml\snakeyaml\1.28\snakeyaml-1.28.jar;C:\MAVEN\maven-repository\org\springframework\boot\spring-boot-test\2.5.6\spring-boot-test-2.5.6.jar;C:\MAVEN\maven-repository\org\springframework\boot\spring-boot-test-autoconfigure\2.5.6\spring-boot-test-autoconfigure-2.5.6.jar;C:\MAVEN\maven-repository\com\jayway\jsonpath\json-path\2.5.0\json-path-2.5.0.jar;C:\MAVEN\maven-repository\net\minidev\json-smart\2.4.7\json-smart-2.4.7.jar;C:\MAVEN\maven-repository\net\minidev\accessors-smart\2.4.7\accessors-smart-2.4.7.jar;C:\MAVEN\maven-repository\org\ow2\asm\asm\9.1\asm-9.1.jar;C:\MAVEN\maven-repository\org\slf4j\slf4j-api\1.7.32\slf4j-api-1.7.32.jar;C:\MAVEN\maven-repository\jakarta\xml\bind\jakarta.xml.bind-api\2.3.3\jakarta.xml.bind-api-2.3.3.jar;C:\MAVEN\maven-repository\jakarta\activation\jakarta.activation-api\1.2.2\jakarta.activation-api-1.2.2.jar;C:\MAVEN\maven-repository\org\assertj\assertj-core\3.19.0\assertj-core-3.19.0.jar;C:\MAVEN\maven-repository\org\hamcrest\hamcrest\2.2\hamcrest-2.2.jar;C:\MAVEN\maven-repository\org\mockito\mockito-core\3.9.0\mockito-core-3.9.0.jar;C:\MAVEN\maven-repository\net\bytebuddy\byte-buddy\1.10.22\byte-buddy-1.10.22.jar;C:\MAVEN\maven-repository\net\bytebuddy\byte-buddy-agent\1.10.22\byte-buddy-agent-1.10.22.jar;C:\MAVEN\maven-repository\org\objenesis\objenesis\3.2\objenesis-3.2.jar;C:\MAVEN\maven-repository\org\mockito\mockito-junit-jupiter\3.9.0\mockito-junit-jupiter-3.9.0.jar;C:\MAVEN\maven-repository\org\skyscreamer\jsonassert\1.5.0\jsonassert-1.5.0.jar;C:\MAVEN\maven-repository\com\vaadin\external\google\android-json\0.0.20131108.vaadin1\android-json-0.0.20131108.vaadin1.jar;C:\MAVEN\maven-repository\org\springframework\spring-core\5.3.12\spring-core-5.3.12.jar;C:\MAVEN\maven-repository\org\springframework\spring-jcl\5.3.12\spring-jcl-5.3.12.jar;C:\MAVEN\maven-repository\org\springframework\spring-test\5.3.12\spring-test-5.3.12.jar;C:\MAVEN\maven-repository\org\xmlunit\xmlunit-core\2.8.3\xmlunit-core-2.8.3.jar;C:\MAVEN\maven-repository\org\junit\platform\junit-platform-launcher\1.7.2\junit-platform-launcher-1.7.2.jar;C:\MAVEN\maven-repository\org\apiguardian\apiguardian-api\1.1.0\apiguardian-api-1.1.0.jar;C:\MAVEN\maven-repository\org\junit\platform\junit-platform-engine\1.7.2\junit-platform-engine-1.7.2.jar;C:\MAVEN\maven-repository\org\mybatis\spring\boot\mybatis-spring-boot-starter\2.2.0\mybatis-spring-boot-starter-2.2.0.jar;C:\MAVEN\maven-repository\org\springframework\boot\spring-boot-starter-jdbc\2.5.6\spring-boot-starter-jdbc-2.5.6.jar;C:\MAVEN\maven-repository\com\zaxxer\HikariCP\4.0.3\HikariCP-4.0.3.jar;C:\MAVEN\maven-repository\org\springframework\spring-jdbc\5.3.12\spring-jdbc-5.3.12.jar;C:\MAVEN\maven-repository\org\springframework\spring-tx\5.3.12\spring-tx-5.3.12.jar;C:\MAVEN\maven-repository\org\mybatis\spring\boot\mybatis-spring-boot-autoconfigure\2.2.0\mybatis-spring-boot-autoconfigure-2.2.0.jar;C:\MAVEN\maven-repository\org\mybatis\mybatis-spring\2.0.6\mybatis-spring-2.0.6.jar;C:\MAVEN\maven-repository\org\mybatis\mybatis\3.5.1\mybatis-3.5.1.jar;C:\MAVEN\maven-repository\org\springframework\boot\spring-boot-devtools\2.5.6\spring-boot-devtools-2.5.6.jar;C:\MAVEN\maven-repository\org\springframework\boot\spring-boot\2.5.6\spring-boot-2.5.6.jar;C:\MAVEN\maven-repository\org\springframework\spring-context\5.3.12\spring-context-5.3.12.jar;C:\MAVEN\maven-repository\org\springframework\boot\spring-boot-autoconfigure\2.5.6\spring-boot-autoconfigure-2.5.6.jar;C:\MAVEN\maven-repository\org\aspectj\aspectjweaver\1.9.7\aspectjweaver-1.9.7.jar;C:\MAVEN\maven-repository\org\aspectj\aspectjtools\1.9.7\aspectjtools-1.9.7.jar;C:\MAVEN\maven-repository\org\springframework\boot\spring-boot-starter-web\2.5.6\spring-boot-starter-web-2.5.6.jar;C:\MAVEN\maven-repository\org\springframework\boot\spring-boot-starter-json\2.5.6\spring-boot-starter-json-2.5.6.jar;C:\MAVEN\maven-repository\com\fasterxml\jackson\core\jackson-databind\2.12.5\jackson-databind-2.12.5.jar;C:\MAVEN\maven-repository\com\fasterxml\jackson\core\jackson-annotations\2.12.5\jackson-annotations-2.12.5.jar;C:\MAVEN\maven-repository\com\fasterxml\jackson\core\jackson-core\2.12.5\jackson-core-2.12.5.jar;C:\MAVEN\maven-repository\com\fasterxml\jackson\datatype\jackson-datatype-jdk8\2.12.5\jackson-datatype-jdk8-2.12.5.jar;C:\MAVEN\maven-repository\com\fasterxml\jackson\datatype\jackson-datatype-jsr310\2.12.5\jackson-datatype-jsr310-2.12.5.jar;C:\MAVEN\maven-repository\com\fasterxml\jackson\module\jackson-module-parameter-names\2.12.5\jackson-module-parameter-names-2.12.5.jar;C:\MAVEN\maven-repository\org\springframework\boot\spring-boot-starter-tomcat\2.5.6\spring-boot-starter-tomcat-2.5.6.jar;C:\MAVEN\maven-repository\org\apache\tomcat\embed\tomcat-embed-core\9.0.54\tomcat-embed-core-9.0.54.jar;C:\MAVEN\maven-repository\org\apache\tomcat\embed\tomcat-embed-el\9.0.54\tomcat-embed-el-9.0.54.jar;C:\MAVEN\maven-repository\org\apache\tomcat\embed\tomcat-embed-websocket\9.0.54\tomcat-embed-websocket-9.0.54.jar;C:\MAVEN\maven-repository\org\springframework\spring-web\5.3.12\spring-web-5.3.12.jar;C:\MAVEN\maven-repository\org\springframework\spring-webmvc\5.3.12\spring-webmvc-5.3.12.jar;C:\MAVEN\maven-repository\org\springframework\spring-expression\5.3.12\spring-expression-5.3.12.jar;C:\MAVEN\maven-repository\javax\servlet\javax.servlet-api\3.1.0\javax.servlet-api-3.1.0.jar;"/>
    <property name="java.vm.vendor" value="Oracle Corporation"/>
    <property name="sun.arch.data.model" value="64"/>
    <property name="user.variant" value=""/>
    <property name="java.vendor.url" value="http://java.oracle.com/"/>
    <property name="user.timezone" value="Asia/Shanghai"/>
    <property name="java.vm.specification.version" value="1.8"/>
    <property name="os.name" value="Windows 10"/>
    <property name="user.country" value="CN"/>
    <property name="sun.java.launcher" value="SUN_STANDARD"/>
    <property name="sun.boot.library.path" value="C:\Program Files\Java\jdk1.8.0_202\jre\bin"/>
    <property name="sun.java.command" value="C:\Users\31481\AppData\Local\Temp\surefire5436794824540479030\surefirebooter3367514099063346846.jar C:\Users\31481\AppData\Local\Temp\surefire5436794824540479030 2023-06-10T12-30-08_656-jvmRun1 surefire1064362631823549155tmp surefire_06626713693239099578tmp"/>
    <property name="surefire.test.class.path" value="C:\Users\31481\Desktop\store-master\target\test-classes;C:\Users\31481\Desktop\store-master\target\classes;C:\MAVEN\maven-repository\javax\xml\bind\jaxb-api\2.3.0\jaxb-api-2.3.0.jar;C:\MAVEN\maven-repository\org\springframework\boot\spring-boot-starter-web-services\2.5.6\spring-boot-starter-web-services-2.5.6.jar;C:\MAVEN\maven-repository\com\sun\xml\messaging\saaj\saaj-impl\1.5.3\saaj-impl-1.5.3.jar;C:\MAVEN\maven-repository\jakarta\xml\soap\jakarta.xml.soap-api\1.4.2\jakarta.xml.soap-api-1.4.2.jar;C:\MAVEN\maven-repository\org\jvnet\staxex\stax-ex\1.8.3\stax-ex-1.8.3.jar;C:\MAVEN\maven-repository\com\sun\activation\jakarta.activation\1.2.2\jakarta.activation-1.2.2.jar;C:\MAVEN\maven-repository\jakarta\xml\ws\jakarta.xml.ws-api\2.3.3\jakarta.xml.ws-api-2.3.3.jar;C:\MAVEN\maven-repository\jakarta\jws\jakarta.jws-api\2.1.0\jakarta.jws-api-2.1.0.jar;C:\MAVEN\maven-repository\org\springframework\spring-oxm\5.3.12\spring-oxm-5.3.12.jar;C:\MAVEN\maven-repository\org\springframework\spring-beans\5.3.12\spring-beans-5.3.12.jar;C:\MAVEN\maven-repository\org\springframework\ws\spring-ws-core\3.1.1\spring-ws-core-3.1.1.jar;C:\MAVEN\maven-repository\org\springframework\ws\spring-xml\3.1.1\spring-xml-3.1.1.jar;C:\MAVEN\maven-repository\org\springframework\spring-aop\5.3.12\spring-aop-5.3.12.jar;C:\MAVEN\maven-repository\mysql\mysql-connector-java\8.0.16\mysql-connector-java-8.0.16.jar;C:\MAVEN\maven-repository\junit\junit\4.13\junit-4.13.jar;C:\MAVEN\maven-repository\org\hamcrest\hamcrest-core\2.2\hamcrest-core-2.2.jar;C:\MAVEN\maven-repository\org\junit\jupiter\junit-jupiter\5.7.2\junit-jupiter-5.7.2.jar;C:\MAVEN\maven-repository\org\junit\jupiter\junit-jupiter-api\5.7.2\junit-jupiter-api-5.7.2.jar;C:\MAVEN\maven-repository\org\opentest4j\opentest4j\1.2.0\opentest4j-1.2.0.jar;C:\MAVEN\maven-repository\org\junit\platform\junit-platform-commons\1.7.2\junit-platform-commons-1.7.2.jar;C:\MAVEN\maven-repository\org\junit\jupiter\junit-jupiter-params\5.7.2\junit-jupiter-params-5.7.2.jar;C:\MAVEN\maven-repository\org\junit\jupiter\junit-jupiter-engine\5.7.2\junit-jupiter-engine-5.7.2.jar;C:\MAVEN\maven-repository\com\alibaba\druid\1.1.10\druid-1.1.10.jar;C:\MAVEN\maven-repository\org\springframework\boot\spring-boot-starter-test\2.5.6\spring-boot-starter-test-2.5.6.jar;C:\MAVEN\maven-repository\org\springframework\boot\spring-boot-starter\2.5.6\spring-boot-starter-2.5.6.jar;C:\MAVEN\maven-repository\org\springframework\boot\spring-boot-starter-logging\2.5.6\spring-boot-starter-logging-2.5.6.jar;C:\MAVEN\maven-repository\ch\qos\logback\logback-classic\1.2.6\logback-classic-1.2.6.jar;C:\MAVEN\maven-repository\ch\qos\logback\logback-core\1.2.6\logback-core-1.2.6.jar;C:\MAVEN\maven-repository\org\apache\logging\log4j\log4j-to-slf4j\2.14.1\log4j-to-slf4j-2.14.1.jar;C:\MAVEN\maven-repository\org\apache\logging\log4j\log4j-api\2.14.1\log4j-api-2.14.1.jar;C:\MAVEN\maven-repository\org\slf4j\jul-to-slf4j\1.7.32\jul-to-slf4j-1.7.32.jar;C:\MAVEN\maven-repository\jakarta\annotation\jakarta.annotation-api\1.3.5\jakarta.annotation-api-1.3.5.jar;C:\MAVEN\maven-repository\org\yaml\snakeyaml\1.28\snakeyaml-1.28.jar;C:\MAVEN\maven-repository\org\springframework\boot\spring-boot-test\2.5.6\spring-boot-test-2.5.6.jar;C:\MAVEN\maven-repository\org\springframework\boot\spring-boot-test-autoconfigure\2.5.6\spring-boot-test-autoconfigure-2.5.6.jar;C:\MAVEN\maven-repository\com\jayway\jsonpath\json-path\2.5.0\json-path-2.5.0.jar;C:\MAVEN\maven-repository\net\minidev\json-smart\2.4.7\json-smart-2.4.7.jar;C:\MAVEN\maven-repository\net\minidev\accessors-smart\2.4.7\accessors-smart-2.4.7.jar;C:\MAVEN\maven-repository\org\ow2\asm\asm\9.1\asm-9.1.jar;C:\MAVEN\maven-repository\org\slf4j\slf4j-api\1.7.32\slf4j-api-1.7.32.jar;C:\MAVEN\maven-repository\jakarta\xml\bind\jakarta.xml.bind-api\2.3.3\jakarta.xml.bind-api-2.3.3.jar;C:\MAVEN\maven-repository\jakarta\activation\jakarta.activation-api\1.2.2\jakarta.activation-api-1.2.2.jar;C:\MAVEN\maven-repository\org\assertj\assertj-core\3.19.0\assertj-core-3.19.0.jar;C:\MAVEN\maven-repository\org\hamcrest\hamcrest\2.2\hamcrest-2.2.jar;C:\MAVEN\maven-repository\org\mockito\mockito-core\3.9.0\mockito-core-3.9.0.jar;C:\MAVEN\maven-repository\net\bytebuddy\byte-buddy\1.10.22\byte-buddy-1.10.22.jar;C:\MAVEN\maven-repository\net\bytebuddy\byte-buddy-agent\1.10.22\byte-buddy-agent-1.10.22.jar;C:\MAVEN\maven-repository\org\objenesis\objenesis\3.2\objenesis-3.2.jar;C:\MAVEN\maven-repository\org\mockito\mockito-junit-jupiter\3.9.0\mockito-junit-jupiter-3.9.0.jar;C:\MAVEN\maven-repository\org\skyscreamer\jsonassert\1.5.0\jsonassert-1.5.0.jar;C:\MAVEN\maven-repository\com\vaadin\external\google\android-json\0.0.20131108.vaadin1\android-json-0.0.20131108.vaadin1.jar;C:\MAVEN\maven-repository\org\springframework\spring-core\5.3.12\spring-core-5.3.12.jar;C:\MAVEN\maven-repository\org\springframework\spring-jcl\5.3.12\spring-jcl-5.3.12.jar;C:\MAVEN\maven-repository\org\springframework\spring-test\5.3.12\spring-test-5.3.12.jar;C:\MAVEN\maven-repository\org\xmlunit\xmlunit-core\2.8.3\xmlunit-core-2.8.3.jar;C:\MAVEN\maven-repository\org\junit\platform\junit-platform-launcher\1.7.2\junit-platform-launcher-1.7.2.jar;C:\MAVEN\maven-repository\org\apiguardian\apiguardian-api\1.1.0\apiguardian-api-1.1.0.jar;C:\MAVEN\maven-repository\org\junit\platform\junit-platform-engine\1.7.2\junit-platform-engine-1.7.2.jar;C:\MAVEN\maven-repository\org\mybatis\spring\boot\mybatis-spring-boot-starter\2.2.0\mybatis-spring-boot-starter-2.2.0.jar;C:\MAVEN\maven-repository\org\springframework\boot\spring-boot-starter-jdbc\2.5.6\spring-boot-starter-jdbc-2.5.6.jar;C:\MAVEN\maven-repository\com\zaxxer\HikariCP\4.0.3\HikariCP-4.0.3.jar;C:\MAVEN\maven-repository\org\springframework\spring-jdbc\5.3.12\spring-jdbc-5.3.12.jar;C:\MAVEN\maven-repository\org\springframework\spring-tx\5.3.12\spring-tx-5.3.12.jar;C:\MAVEN\maven-repository\org\mybatis\spring\boot\mybatis-spring-boot-autoconfigure\2.2.0\mybatis-spring-boot-autoconfigure-2.2.0.jar;C:\MAVEN\maven-repository\org\mybatis\mybatis-spring\2.0.6\mybatis-spring-2.0.6.jar;C:\MAVEN\maven-repository\org\mybatis\mybatis\3.5.1\mybatis-3.5.1.jar;C:\MAVEN\maven-repository\org\springframework\boot\spring-boot-devtools\2.5.6\spring-boot-devtools-2.5.6.jar;C:\MAVEN\maven-repository\org\springframework\boot\spring-boot\2.5.6\spring-boot-2.5.6.jar;C:\MAVEN\maven-repository\org\springframework\spring-context\5.3.12\spring-context-5.3.12.jar;C:\MAVEN\maven-repository\org\springframework\boot\spring-boot-autoconfigure\2.5.6\spring-boot-autoconfigure-2.5.6.jar;C:\MAVEN\maven-repository\org\aspectj\aspectjweaver\1.9.7\aspectjweaver-1.9.7.jar;C:\MAVEN\maven-repository\org\aspectj\aspectjtools\1.9.7\aspectjtools-1.9.7.jar;C:\MAVEN\maven-repository\org\springframework\boot\spring-boot-starter-web\2.5.6\spring-boot-starter-web-2.5.6.jar;C:\MAVEN\maven-repository\org\springframework\boot\spring-boot-starter-json\2.5.6\spring-boot-starter-json-2.5.6.jar;C:\MAVEN\maven-repository\com\fasterxml\jackson\core\jackson-databind\2.12.5\jackson-databind-2.12.5.jar;C:\MAVEN\maven-repository\com\fasterxml\jackson\core\jackson-annotations\2.12.5\jackson-annotations-2.12.5.jar;C:\MAVEN\maven-repository\com\fasterxml\jackson\core\jackson-core\2.12.5\jackson-core-2.12.5.jar;C:\MAVEN\maven-repository\com\fasterxml\jackson\datatype\jackson-datatype-jdk8\2.12.5\jackson-datatype-jdk8-2.12.5.jar;C:\MAVEN\maven-repository\com\fasterxml\jackson\datatype\jackson-datatype-jsr310\2.12.5\jackson-datatype-jsr310-2.12.5.jar;C:\MAVEN\maven-repository\com\fasterxml\jackson\module\jackson-module-parameter-names\2.12.5\jackson-module-parameter-names-2.12.5.jar;C:\MAVEN\maven-repository\org\springframework\boot\spring-boot-starter-tomcat\2.5.6\spring-boot-starter-tomcat-2.5.6.jar;C:\MAVEN\maven-repository\org\apache\tomcat\embed\tomcat-embed-core\9.0.54\tomcat-embed-core-9.0.54.jar;C:\MAVEN\maven-repository\org\apache\tomcat\embed\tomcat-embed-el\9.0.54\tomcat-embed-el-9.0.54.jar;C:\MAVEN\maven-repository\org\apache\tomcat\embed\tomcat-embed-websocket\9.0.54\tomcat-embed-websocket-9.0.54.jar;C:\MAVEN\maven-repository\org\springframework\spring-web\5.3.12\spring-web-5.3.12.jar;C:\MAVEN\maven-repository\org\springframework\spring-webmvc\5.3.12\spring-webmvc-5.3.12.jar;C:\MAVEN\maven-repository\org\springframework\spring-expression\5.3.12\spring-expression-5.3.12.jar;C:\MAVEN\maven-repository\javax\servlet\javax.servlet-api\3.1.0\javax.servlet-api-3.1.0.jar;"/>
    <property name="sun.cpu.endian" value="little"/>
    <property name="user.home" value="C:\Users\31481"/>
    <property name="user.language" value="zh"/>
    <property name="java.specification.vendor" value="Oracle Corporation"/>
    <property name="java.home" value="C:\Program Files\Java\jdk1.8.0_202\jre"/>
    <property name="basedir" value="C:\Users\31481\Desktop\store-master"/>
    <property name="file.separator" value="\"/>
    <property name="line.separator" value="&#10;"/>
    <property name="java.vm.specification.vendor" value="Oracle Corporation"/>
    <property name="java.specification.name" value="Java Platform API Specification"/>
    <property name="java.awt.graphicsenv" value="sun.awt.Win32GraphicsEnvironment"/>
    <property name="surefire.real.class.path" value="C:\Users\31481\AppData\Local\Temp\surefire5436794824540479030\surefirebooter3367514099063346846.jar"/>
    <property name="sun.boot.class.path" value="C:\Program Files\Java\jdk1.8.0_202\jre\lib\resources.jar;C:\Program Files\Java\jdk1.8.0_202\jre\lib\rt.jar;C:\Program Files\Java\jdk1.8.0_202\jre\lib\sunrsasign.jar;C:\Program Files\Java\jdk1.8.0_202\jre\lib\jsse.jar;C:\Program Files\Java\jdk1.8.0_202\jre\lib\jce.jar;C:\Program Files\Java\jdk1.8.0_202\jre\lib\charsets.jar;C:\Program Files\Java\jdk1.8.0_202\jre\lib\jfr.jar;C:\Program Files\Java\jdk1.8.0_202\jre\classes"/>
    <property name="user.script" value=""/>
    <property name="sun.management.compiler" value="HotSpot 64-Bit Tiered Compilers"/>
    <property name="java.runtime.version" value="1.8.0_202-b08"/>
    <property name="user.name" value="31481"/>
    <property name="path.separator" value=";"/>
    <property name="os.version" value="10.0"/>
    <property name="java.endorsed.dirs" value="C:\Program Files\Java\jdk1.8.0_202\jre\lib\endorsed"/>
    <property name="java.runtime.name" value="Java(TM) SE Runtime Environment"/>
    <property name="file.encoding" value="GBK"/>
    <property name="java.vm.name" value="Java HotSpot(TM) 64-Bit Server VM"/>
    <property name="localRepository" value="C:\MAVEN\maven-repository"/>
    <property name="java.vendor.url.bug" value="http://bugreport.sun.com/bugreport/"/>
    <property name="java.io.tmpdir" value="C:\Users\31481\AppData\Local\Temp\"/>
    <property name="idea.version" value="2022.3.2"/>
    <property name="java.version" value="1.8.0_202"/>
    <property name="user.dir" value="C:\Users\31481\Desktop\store-master"/>
    <property name="os.arch" value="amd64"/>
    <property name="java.vm.specification.name" value="Java Virtual Machine Specification"/>
    <property name="java.awt.printerjob" value="sun.awt.windows.WPrinterJob"/>
    <property name="sun.os.patch.level" value=""/>
    <property name="java.library.path" value="C:\Program Files\Java\jdk1.8.0_202\jre\bin;C:\WINDOWS\Sun\Java\bin;C:\WINDOWS\system32;C:\WINDOWS;C:\Program Files\Java\jdk1.8.0_202\bin;C:\Program Files\Java\jdk1.8.0_202\bin;C:\Program Files (x86)\Common Files\Oracle\Java\javapath;C:\WINDOWS\system32;C:\WINDOWS;C:\WINDOWS\System32\Wbem;C:\WINDOWS\System32\WindowsPowerShell\v1.0\;C:\WINDOWS\System32\OpenSSH\;C:\NVM\nvm;C:\NODE;C:\Program Files\Microsoft SQL Server\Client SDK\ODBC\170\Tools\Binn\;C:\Program Files (x86)\Microsoft SQL Server\150\Tools\Binn\;C:\Program Files\Microsoft SQL Server\150\Tools\Binn\;C:\Program Files\Microsoft SQL Server\150\DTS\Binn\;C:\Program Files (x86)\Microsoft SQL Server\150\DTS\Binn\;C:\Program Files\Azure Data Studio\bin;C:\MySQL\bin;C:\tomcat-8.5\apache-tomcat-8.5.85\bin;C:\tomcat-8.5\apache-tomcat-8.5.85lib;C:\MYSQL8.0\mysql-8.0.33-winx64\bin;C:\MAVEN\apache-maven-3.9.2\bin;C:\Xshell7\;C:\Xftp\;C:\python\Anaconda3;C:\python\Anaconda3\Library\mingw-w64\bin;C:\python\Anaconda3\Library\usr\bin;C:\python\Anaconda3\Library\bin;C:\python\Anaconda3\Scripts;C:\Users\31481\AppData\Local\Microsoft\WindowsApps;C:\新建文件夹\Microsoft VS Code\bin;C:\IDEA\IntelliJ IDEA 2022.3.2\bin;;C:\NVM\nvm;C:\NODE;C:\Program Files\Azure Data Studio\bin;C:\python\PyCharm Community Edition 2022.3.1\bin;;C:\IDEA\IntelliJ IDEA Community Edition 2022.3.2\bin;;;."/>
    <property name="java.vm.info" value="mixed mode"/>
    <property name="java.vendor" value="Oracle Corporation"/>
    <property name="java.vm.version" value="25.202-b08"/>
    <property name="java.ext.dirs" value="C:\Program Files\Java\jdk1.8.0_202\jre\lib\ext;C:\WINDOWS\Sun\Java\lib\ext"/>
    <property name="sun.io.unicode.encoding" value="UnicodeLittle"/>
    <property name="maven.repo.local" value="C:\MAVEN\maven-repository"/>
    <property name="java.class.version" value="52.0"/>
  </properties>
  <testcase name="getConnection" classname="com.up.stores.StoresApplicationTests" time="0.398"/>
  <testcase name="contextLoads" classname="com.up.stores.StoresApplicationTests" time="0"/>
</testsuite>